@ V8.0

SW6510:admin> version  
Kernel:     2.6.14.2
Fabric OS:  v8.0.2c
Made on:    Tue May 30 17:37:59 2017
Flash:      Mon Mar 12 12:04:42 2018
BootProm:   1.0.11
SW6510:admin> porterrshow
          frames      enc    crc    crc    too    too    bad    enc   disc   link   loss   loss   frjt   fbsy  c3timeout    pcs    uncor
       tx     rx      in    err    g_eof  shrt   long   eof     out   c3    fail    sync   sig                  tx    rx     err    err
  0:    3.0g 764.8m   0      0      0      0      0      0      0      0      0      0      0      0      0      0      0      0      0   
  1:    3.0g 764.3m   0      0      0      0      0      0      0      0      0      0      0      0      0      0      0      0      0   
  2:    3.0g 339.9m   0      0      0      0      0      0      0      0      0      0      0      0      0      0      0      0      0   
  3:    3.0g 339.9m   0      0      0      0      0      0      0      0      0      0      0      0      0      0      0      0      0   
  4:   28.5k  55.9k   0      0      0      0      0      0      0      0      0      0      0      0      0      0      0      0      0   
  5:   19.5k  38.0k   0      0      0      0      0      0      0      0      0      0      0      0      0      0      0      0      0   
  6:   18.7k  36.5k   0      0      0      0      0      0      0      0      0      0      0      0      0      0      0      0      0   
  7:   16.5k  32.2k   0      0      0      0      0      0      0      0      0      0      0      0      0      0      0      0      0   
  8:    1.9k   3.2k   0      0      0      0      0      0      0      0      2      0      2      0      0      0      0      0      0   
  9:    1.0g   2.0g   0      0      0      0      0      0      0      0      1      0      1      0      0      0      0      0      0   
 10:    1.9k   3.2k   0      0      0      0      0      0      0      0      0      0      0      0      0      0      0      0      0   
 11:    1.1g   1.6g   0      0      0      0      0      0      0      0      0      0      0      0      0      0      0      0      0   
 12:   16.2k   9.7k   0      0      0      0      0      0      0      0      2      0      2      0      0      0      0      0      0   
 13:   65.1k  34.5k   0      0      0      0      0      0      0      2      1      0      0      0      0      0      0      0      0   
 14:   60.6k  32.2k   0      0      0      0      0      0      0      0      1      0      1      0      0      0      0      0      0   
 15:    5.9k   4.2k   0      0      0      0      0      0      0      0      2      0      2      0      0      0      0      0      0   
 16:   19.0k  11.2k   0      0      0      0      0      0      0      4      1      0      1      0      0      0      0      0      0   
 17:   15.6k   9.4k   0      0      0      0      0      0      0      0      1      0      1      0      0      0      0      0      0   
 18:   22.1k  12.8k   0      0      0      0      0      0      0      0      1      0      1      0      0      0      0      0      0   
 19:    0      0      0      0      0      0      0      0      0      0      0      0      0      0      0      0      0      0      0   
 20:    0      0      0      0      0      0      0      0      0      0      0      0      0      0      0      0      0      0      0   
 21:    0      0      0      0      0      0      0      0      0      0      0      0      0      0      0      0      0      0      0   
 22:    0      0      0      0      0      0      0      0      0      0      0      0      0      0      0      0      0      0      0   
 23:    0      0      0      0      0      0      0      0      0      0      0      0      0      0      0      0      0      0      0   
 24:    0      0      0      0      0      0      0      0      0      0      0      0      0      0      0      0      0      0      0   
 25:    0      0      0      0      0      0      0      0      0      0      0      0      0      0      0      0      0      0      0   
 26:    0      0      0      0      0      0      0      0      0      0      0      0      0      0      0      0      0      0      0   
 27:    0      0      0      0      0      0      0      0      0      0      0      0      0      0      0      0      0      0      0   
 28:    0      0      0      0      0      0      0      0      0      0      0      0      0      0      0      0      0      0      0   
 29:    0      0      0      0      0      0      0      0      0      0      0      0      0      0      0      0      0      0      0   
 30:    0      0      0      0      0      0      0      0      0      0      0      0      0      0      0      0      0      0      0   
 31:    0      0      0      0      0      0      0      0      0      0      0      0      0      0      0      0      0      0      0   
 32:    0      0      0      0      0      0      0      0      0      0      0      0      0      0      0      0      0      0      0   
 33:    0      0      0      0      0      0      0      0      0      0      0      0      0      0      0      0      0      0      0   
 34:    0      0      0      0      0      0      0      0      0      0      0      0      0      0      0      0      0      0      0   
 35:    0      0      0      0      0      0      0      0      0      0      0      0      0      0      0      0      0      0      0   
 36:    0      0      0      0      0      0      0      0      0      0      0      0      0      0      0      0      0      0      0   
 37:    0      0      0      0      0      0      0      0      0      0      0      0      0      0      0      0      0      0      0   
 38:    0      0      0      0      0      0      0      0      0      0      0      0      0      0      0      0      0      0      0   
 39:    0      0      0      0      0      0      0      0      0      0      0      0      0      0      0      0      0      0      0   
 40:    0      0      0      0      0      0      0      0      0      0      0      0      0      0      0      0      0      0      0   
 41:    0      0      0      0      0      0      0      0      0      0      0      0      0      0      0      0      0      0      0   
 42:    0      0      0      0      0      0      0      0      0      0      0      0      0      0      0      0      0      0      0   
 43:    0      0      0      0      0      0      0      0      0      0      0      0      0      0      0      0      0      0      0   
 44:    0      0      0      0      0      0      0      0      0      0      0      0      0      0      0      0      0      0      0   
 45:    0      0      0      0      0      0      0      0      0      0      0      0      0      0      0      0      0      0      0   
 46:    0      0      0      0      0      0      0      0      0      0      0      0      0      0      0      0      0      0      0   
 47:    0      0      0      0      0      0      0      0      0      0      0      0      0      0      0      0      0      0      0  




@ V6.3

BR300-2:admin> version
Kernel:     2.6.14.2
Fabric OS:  v6.3.2e
Made on:    Mon Nov 21 20:49:03 2011
Flash:      Mon Jul 2 03:36:56 2018
BootProm:   1.0.9
BR300-2:admin> porterrshow
          frames      enc    crc    crc    too    too    bad    enc   disc   link   loss   loss   frjt   fbsy
       tx     rx      in    err    g_eof  shrt   long   eof     out   c3    fail    sync   sig
     =========================================================================================================
  0:    0      0      0      0      0      0      0      0      0      0      0      0      0      0      0
  1:  114.8k 114.8k   0      0      0      0      0      0      0      0      0      0      0      0      0
  2:    0      0      0      0      0      0      0      0      0      0      0      0      0      0      0
  3:  114.5k 114.5k   0      0      0      0      0      0      0      0      0      0      0      0      0
  4:    0      0      0      0      0      0      0      0      0      0      0      0      0      0      0
  5:    0      0      0      0      0      0      0      0      0      0      0      0      0      0      0
  6:    0      0      0      0      0      0      0      0      0      0      0      0      0      0      0
  7:    0      0      0      0      0      0      0      0      0      0      0      0      0      0      0
  8:    0      0      0      0      0      0      0      0      0      0      0      0      0      0      0
  9:    0      0      0      0      0      0      0      0      0      0      0      0      0      0      0
 10:    0      0      0      0      0      0      0      0      0      0      0      0      0      0      0
 11:    0      0      0      0      0      0      0      0      0      0      0      0      0      0      0
 12:    0      0      0      0      0      0      0      0      0      0      0      0      0      0      0
 13:    0      0      0      0      0      0      0      0      0      0      0      0      0      0      0
 14:    0      0      0      0      0      0      0      0      0      0      0      0      0      0      0
 15:    0      0      0      0      0      0      0      0      0      0      0      0      0      0      0
 16:    0      0      0      0      0      0      0      0      0      0      0      0      0      0      0
 17:    0      0      0      0      0      0      0      0      0      0      0      0      0      0      0
 18:    0      0      0      0      0      0      0      0      0      0      0      0      0      0      0
 19:    0      0      0      0      0      0      0      0      0      0      0      0      0      0      0
 20:    0      0      0      0      0      0      0      0      0      0      0      0      0      0      0
 21:    0      0      0      0      0      0      0      0      0      0      0      0      0      0      0
 22:    0      0      0      0      0      0      0      0      0      0      0      0      0      0      0
 23:    0      0      0      0      0      0      0      0      0      0      0      0      0      0      0

